2022-04-30 11:10:08,143 INFO  StartupInfoLogger:55 - [] Starting MultiwebsitesApplication using Java 18 on DESKTOP-CI469KC with PID 19152 (C:\Users\mss\Desktop\PFEEEE\Graduartion\backend\target\classes started by mss in C:\Users\mss\Desktop\PFEEEE\Graduartion)
2022-04-30 11:10:08,152 INFO  SpringApplication:660 - [] No active profile set, falling back to default profiles: default
2022-04-30 11:10:16,306 INFO  RepositoryConfigurationDelegate:128 - [] Bootstrapping Spring Data JPA repositories in DEFERRED mode.
2022-04-30 11:10:16,889 INFO  RepositoryConfigurationDelegate:188 - [] Finished Spring Data repository scanning in 565 ms. Found 18 JPA repository interfaces.
2022-04-30 11:10:17,779 INFO  PostProcessorRegistrationDelegate$BeanPostProcessorChecker:350 - [] Bean 'org.springframework.security.access.expression.method.DefaultMethodSecurityExpressionHandler@64e7d698' of type [org.springframework.security.access.expression.method.DefaultMethodSecurityExpressionHandler] is not eligible for getting processed by all BeanPostProcessors (for example: not eligible for auto-proxying)
2022-04-30 11:10:17,790 INFO  PostProcessorRegistrationDelegate$BeanPostProcessorChecker:350 - [] Bean 'methodSecurityMetadataSource' of type [org.springframework.security.access.method.DelegatingMethodSecurityMetadataSource] is not eligible for getting processed by all BeanPostProcessors (for example: not eligible for auto-proxying)
2022-04-30 11:10:18,520 INFO  TomcatWebServer:108 - [] Tomcat initialized with port(s): 8089 (http)
2022-04-30 11:10:18,537 INFO  DirectJDKLog:173 - [] Starting service [Tomcat]
2022-04-30 11:10:18,538 INFO  DirectJDKLog:173 - [] Starting Servlet engine: [Apache Tomcat/9.0.39]
2022-04-30 11:10:18,708 INFO  DirectJDKLog:173 - [] Initializing Spring embedded WebApplicationContext
2022-04-30 11:10:18,709 INFO  ServletWebServerApplicationContext:289 - [] Root WebApplicationContext: initialization completed in 10079 ms
2022-04-30 11:10:19,030 WARN  JpaBaseConfiguration$JpaWebConfiguration:221 - [] spring.jpa.open-in-view is enabled by default. Therefore, database queries may be performed during view rendering. Explicitly configure spring.jpa.open-in-view to disable this warning
2022-04-30 11:10:19,149 INFO  ExecutorConfigurationSupport:181 - [] Initializing ExecutorService 'applicationTaskExecutor'
2022-04-30 11:10:19,261 INFO  LogHelper:31 - [] HHH000204: Processing PersistenceUnitInfo [name: default]
2022-04-30 11:10:19,412 INFO  Version:44 - [] HHH000412: Hibernate ORM core version 5.4.23.Final
2022-04-30 11:10:19,669 INFO  JavaReflectionManager:56 - [] HCANN000001: Hibernate Commons Annotations {5.1.2.Final}
2022-04-30 11:10:19,851 INFO  HikariDataSource:110 - [] HikariPool-1 - Starting...
2022-04-30 11:10:20,312 INFO  HikariDataSource:123 - [] HikariPool-1 - Start completed.
2022-04-30 11:10:20,344 INFO  Dialect:170 - [] HHH000400: Using dialect: org.hibernate.dialect.PostgreSQLDialect
2022-04-30 11:10:20,947 INFO  EndpointLinksResolver:58 - [] Exposing 2 endpoint(s) beneath base path '/actuator'
2022-04-30 11:10:21,239 INFO  PropertySourcedRequestMappingHandlerMapping:69 - [] Mapped URL path [/v2/api-docs] onto method [springfox.documentation.swagger2.web.Swagger2Controller#getDocumentation(String, HttpServletRequest)]
2022-04-30 11:10:21,724 INFO  DefaultSecurityFilterChain:51 - [] Will secure any request with [org.springframework.security.web.context.request.async.WebAsyncManagerIntegrationFilter@1d9bd1d6, org.springframework.security.web.context.SecurityContextPersistenceFilter@323efafe, org.springframework.security.web.header.HeaderWriterFilter@7c682e26, org.springframework.security.web.authentication.logout.LogoutFilter@19924f15, app.igesa.security.jwt.AuthTokenFilter@349f0ca4, org.springframework.security.web.savedrequest.RequestCacheAwareFilter@2cc34cd5, org.springframework.security.web.servletapi.SecurityContextHolderAwareRequestFilter@10cb050, org.springframework.security.web.authentication.rememberme.RememberMeAuthenticationFilter@fceab5d, org.springframework.security.web.authentication.AnonymousAuthenticationFilter@18ac4af6, org.springframework.security.web.session.SessionManagementFilter@1df06ecd, org.springframework.security.web.access.ExceptionTranslationFilter@2833c093, org.springframework.security.web.access.intercept.FilterSecurityInterceptor@1b8ee69d]
2022-04-30 11:10:23,989 INFO  JtaPlatformInitiator:52 - [] HHH000490: Using JtaPlatform implementation: [org.hibernate.engine.transaction.jta.platform.internal.NoJtaPlatform]
2022-04-30 11:10:24,004 INFO  AbstractEntityManagerFactoryBean:434 - [] Initialized JPA EntityManagerFactory for persistence unit 'default'
2022-04-30 11:10:24,667 INFO  TomcatWebServer:220 - [] Tomcat started on port(s): 8089 (http) with context path ''
2022-04-30 11:10:24,669 INFO  DocumentationPluginsBootstrapper:160 - [] Context refreshed
2022-04-30 11:10:24,693 INFO  DocumentationPluginsBootstrapper:163 - [] Found 1 custom documentation plugin(s)
2022-04-30 11:10:24,781 INFO  ApiListingReferenceScanner:41 - [] Scanning for api listing references
2022-04-30 11:10:25,080 INFO  CachingOperationNameGenerator:40 - [] Generating unique operation named: deleteUsingDELETE_1
2022-04-30 11:10:25,083 INFO  CachingOperationNameGenerator:40 - [] Generating unique operation named: findByIdUsingGET_1
2022-04-30 11:10:25,089 INFO  CachingOperationNameGenerator:40 - [] Generating unique operation named: saveUsingPOST_1
2022-04-30 11:10:25,091 INFO  CachingOperationNameGenerator:40 - [] Generating unique operation named: updateUsingPUT_1
2022-04-30 11:10:25,095 INFO  CachingOperationNameGenerator:40 - [] Generating unique operation named: viewUsingGET_1
2022-04-30 11:10:25,108 INFO  CachingOperationNameGenerator:40 - [] Generating unique operation named: deleteUsingDELETE_2
2022-04-30 11:10:25,121 INFO  CachingOperationNameGenerator:40 - [] Generating unique operation named: findByIdUsingGET_2
2022-04-30 11:10:25,126 INFO  CachingOperationNameGenerator:40 - [] Generating unique operation named: saveUsingPOST_2
2022-04-30 11:10:25,130 INFO  CachingOperationNameGenerator:40 - [] Generating unique operation named: updateUsingPUT_2
2022-04-30 11:10:25,135 INFO  CachingOperationNameGenerator:40 - [] Generating unique operation named: viewUsingGET_2
2022-04-30 11:10:25,152 INFO  CachingOperationNameGenerator:40 - [] Generating unique operation named: deleteUsingDELETE_3
2022-04-30 11:10:25,155 INFO  CachingOperationNameGenerator:40 - [] Generating unique operation named: findByIdUsingGET_3
2022-04-30 11:10:25,167 INFO  CachingOperationNameGenerator:40 - [] Generating unique operation named: saveUsingPOST_3
2022-04-30 11:10:25,172 INFO  CachingOperationNameGenerator:40 - [] Generating unique operation named: updateUsingPUT_3
2022-04-30 11:10:25,176 INFO  CachingOperationNameGenerator:40 - [] Generating unique operation named: viewUsingGET_3
2022-04-30 11:10:25,184 INFO  CachingOperationNameGenerator:40 - [] Generating unique operation named: findByIdUsingGET_4
2022-04-30 11:10:25,201 INFO  CachingOperationNameGenerator:40 - [] Generating unique operation named: deleteUsingDELETE_4
2022-04-30 11:10:25,207 INFO  CachingOperationNameGenerator:40 - [] Generating unique operation named: findByIdUsingGET_5
2022-04-30 11:10:25,215 INFO  CachingOperationNameGenerator:40 - [] Generating unique operation named: saveUsingPOST_4
2022-04-30 11:10:25,219 INFO  CachingOperationNameGenerator:40 - [] Generating unique operation named: updateUsingPUT_4
2022-04-30 11:10:25,223 INFO  CachingOperationNameGenerator:40 - [] Generating unique operation named: viewUsingGET_4
2022-04-30 11:10:25,249 INFO  CachingOperationNameGenerator:40 - [] Generating unique operation named: deleteUsingDELETE_5
2022-04-30 11:10:25,258 INFO  CachingOperationNameGenerator:40 - [] Generating unique operation named: findByIdUsingGET_6
2022-04-30 11:10:25,263 INFO  CachingOperationNameGenerator:40 - [] Generating unique operation named: saveUsingPOST_5
2022-04-30 11:10:25,265 INFO  CachingOperationNameGenerator:40 - [] Generating unique operation named: updateUsingPUT_5
2022-04-30 11:10:25,267 INFO  CachingOperationNameGenerator:40 - [] Generating unique operation named: viewUsingGET_5
2022-04-30 11:10:25,271 INFO  CachingOperationNameGenerator:40 - [] Generating unique operation named: deleteUsingDELETE_6
2022-04-30 11:10:25,276 INFO  CachingOperationNameGenerator:40 - [] Generating unique operation named: deleteAllUsingDELETE_1
2022-04-30 11:10:25,294 INFO  CachingOperationNameGenerator:40 - [] Generating unique operation named: findByIdUsingGET_7
2022-04-30 11:10:25,300 INFO  CachingOperationNameGenerator:40 - [] Generating unique operation named: saveUsingPOST_6
2022-04-30 11:10:25,306 INFO  CachingOperationNameGenerator:40 - [] Generating unique operation named: updateUsingPUT_6
2022-04-30 11:10:25,314 INFO  CachingOperationNameGenerator:40 - [] Generating unique operation named: viewUsingGET_6
2022-04-30 11:10:25,339 INFO  CachingOperationNameGenerator:40 - [] Generating unique operation named: deleteUsingDELETE_7
2022-04-30 11:10:25,341 INFO  CachingOperationNameGenerator:40 - [] Generating unique operation named: findByIdUsingGET_8
2022-04-30 11:10:25,347 INFO  CachingOperationNameGenerator:40 - [] Generating unique operation named: saveUsingPOST_7
2022-04-30 11:10:25,350 INFO  CachingOperationNameGenerator:40 - [] Generating unique operation named: updateUsingPUT_7
2022-04-30 11:10:25,359 INFO  CachingOperationNameGenerator:40 - [] Generating unique operation named: viewUsingGET_7
2022-04-30 11:10:25,379 INFO  CachingOperationNameGenerator:40 - [] Generating unique operation named: deleteUsingDELETE_8
2022-04-30 11:10:25,389 INFO  CachingOperationNameGenerator:40 - [] Generating unique operation named: findByIdUsingGET_9
2022-04-30 11:10:25,405 INFO  CachingOperationNameGenerator:40 - [] Generating unique operation named: saveUsingPOST_8
2022-04-30 11:10:25,410 INFO  CachingOperationNameGenerator:40 - [] Generating unique operation named: updateUsingPUT_8
2022-04-30 11:10:25,414 INFO  CachingOperationNameGenerator:40 - [] Generating unique operation named: viewUsingGET_8
2022-04-30 11:10:25,419 INFO  CachingOperationNameGenerator:40 - [] Generating unique operation named: handleUsingGET_1
2022-04-30 11:10:25,422 INFO  CachingOperationNameGenerator:40 - [] Generating unique operation named: handleUsingGET_2
2022-04-30 11:10:25,431 INFO  CachingOperationNameGenerator:40 - [] Generating unique operation named: deleteUsingDELETE_9
2022-04-30 11:10:25,437 INFO  CachingOperationNameGenerator:40 - [] Generating unique operation named: findByIdUsingGET_10
2022-04-30 11:10:25,448 INFO  CachingOperationNameGenerator:40 - [] Generating unique operation named: saveUsingPOST_9
2022-04-30 11:10:25,453 INFO  CachingOperationNameGenerator:40 - [] Generating unique operation named: updateUsingPUT_9
2022-04-30 11:10:25,455 INFO  CachingOperationNameGenerator:40 - [] Generating unique operation named: viewUsingGET_9
2022-04-30 11:10:25,484 INFO  CachingOperationNameGenerator:40 - [] Generating unique operation named: deleteUsingDELETE_10
2022-04-30 11:10:25,489 INFO  CachingOperationNameGenerator:40 - [] Generating unique operation named: findByIdUsingGET_11
2022-04-30 11:10:25,495 INFO  CachingOperationNameGenerator:40 - [] Generating unique operation named: saveUsingPOST_10
2022-04-30 11:10:25,510 INFO  CachingOperationNameGenerator:40 - [] Generating unique operation named: updateUsingPUT_10
2022-04-30 11:10:25,515 INFO  CachingOperationNameGenerator:40 - [] Generating unique operation named: viewUsingGET_10
2022-04-30 11:10:25,529 INFO  CachingOperationNameGenerator:40 - [] Generating unique operation named: deleteUsingDELETE_11
2022-04-30 11:10:25,539 INFO  CachingOperationNameGenerator:40 - [] Generating unique operation named: findByIdUsingGET_12
2022-04-30 11:10:25,548 INFO  CachingOperationNameGenerator:40 - [] Generating unique operation named: saveUsingPOST_11
2022-04-30 11:10:25,553 INFO  CachingOperationNameGenerator:40 - [] Generating unique operation named: updateUsingPUT_11
2022-04-30 11:10:25,561 INFO  CachingOperationNameGenerator:40 - [] Generating unique operation named: viewUsingGET_11
2022-04-30 11:10:25,573 INFO  CachingOperationNameGenerator:40 - [] Generating unique operation named: deleteUsingDELETE_12
2022-04-30 11:10:25,591 INFO  CachingOperationNameGenerator:40 - [] Generating unique operation named: findByIdUsingGET_13
2022-04-30 11:10:25,615 INFO  CachingOperationNameGenerator:40 - [] Generating unique operation named: saveUsingPOST_12
2022-04-30 11:10:25,627 INFO  CachingOperationNameGenerator:40 - [] Generating unique operation named: updateUsingPUT_12
2022-04-30 11:10:25,638 INFO  CachingOperationNameGenerator:40 - [] Generating unique operation named: viewUsingGET_12
2022-04-30 11:10:25,647 INFO  CachingOperationNameGenerator:40 - [] Generating unique operation named: deleteUsingDELETE_13
2022-04-30 11:10:25,650 INFO  CachingOperationNameGenerator:40 - [] Generating unique operation named: findByIdUsingGET_14
2022-04-30 11:10:25,655 INFO  CachingOperationNameGenerator:40 - [] Generating unique operation named: saveUsingPOST_13
2022-04-30 11:10:25,658 INFO  CachingOperationNameGenerator:40 - [] Generating unique operation named: updateUsingPUT_13
2022-04-30 11:10:25,662 INFO  CachingOperationNameGenerator:40 - [] Generating unique operation named: viewUsingGET_13
2022-04-30 11:10:25,668 INFO  CachingOperationNameGenerator:40 - [] Generating unique operation named: deleteUsingDELETE_14
2022-04-30 11:10:25,676 INFO  CachingOperationNameGenerator:40 - [] Generating unique operation named: findByIdUsingGET_15
2022-04-30 11:10:25,678 INFO  CachingOperationNameGenerator:40 - [] Generating unique operation named: saveUsingPOST_14
2022-04-30 11:10:25,681 INFO  CachingOperationNameGenerator:40 - [] Generating unique operation named: updateUsingPUT_14
2022-04-30 11:10:25,685 INFO  CachingOperationNameGenerator:40 - [] Generating unique operation named: viewUsingGET_14
2022-04-30 11:10:25,688 INFO  CachingOperationNameGenerator:40 - [] Generating unique operation named: deleteUsingDELETE_15
2022-04-30 11:10:25,691 INFO  CachingOperationNameGenerator:40 - [] Generating unique operation named: findByIdUsingGET_16
2022-04-30 11:10:25,693 INFO  CachingOperationNameGenerator:40 - [] Generating unique operation named: saveUsingPOST_15
2022-04-30 11:10:25,695 INFO  CachingOperationNameGenerator:40 - [] Generating unique operation named: updateUsingPUT_15
2022-04-30 11:10:25,697 INFO  CachingOperationNameGenerator:40 - [] Generating unique operation named: viewUsingGET_15
2022-04-30 11:10:25,740 INFO  DeferredRepositoryInitializationListener:51 - [] Triggering deferred initialization of Spring Data repositories…
2022-04-30 11:10:26,951 INFO  DeferredRepositoryInitializationListener:55 - [] Spring Data repositories initialized!
2022-04-30 11:10:26,974 INFO  StartupInfoLogger:61 - [] Started MultiwebsitesApplication in 21.23 seconds (JVM running for 28.024)
2022-04-30 11:56:16,196 INFO  AbstractEntityManagerFactoryBean:648 - [] Closing JPA EntityManagerFactory for persistence unit 'default'
2022-04-30 11:56:16,451 INFO  ExecutorConfigurationSupport:218 - [] Shutting down ExecutorService 'applicationTaskExecutor'
2022-04-30 11:56:16,512 INFO  HikariDataSource:350 - [] HikariPool-1 - Shutdown initiated...
2022-04-30 11:56:17,353 INFO  HikariDataSource:352 - [] HikariPool-1 - Shutdown completed.
2022-04-30 11:56:59,368 INFO  StartupInfoLogger:55 - [] Starting MultiwebsitesApplication using Java 18 on DESKTOP-CI469KC with PID 888 (C:\Users\mss\Desktop\PFEEEE\Graduartion\backend\target\classes started by mss in C:\Users\mss\Desktop\PFEEEE\Graduartion)
2022-04-30 11:56:59,374 INFO  SpringApplication:660 - [] No active profile set, falling back to default profiles: default
2022-04-30 11:57:03,397 INFO  RepositoryConfigurationDelegate:128 - [] Bootstrapping Spring Data JPA repositories in DEFERRED mode.
2022-04-30 11:57:03,717 INFO  RepositoryConfigurationDelegate:188 - [] Finished Spring Data repository scanning in 305 ms. Found 18 JPA repository interfaces.
2022-04-30 11:57:04,524 INFO  PostProcessorRegistrationDelegate$BeanPostProcessorChecker:350 - [] Bean 'org.springframework.security.access.expression.method.DefaultMethodSecurityExpressionHandler@53aa2fc9' of type [org.springframework.security.access.expression.method.DefaultMethodSecurityExpressionHandler] is not eligible for getting processed by all BeanPostProcessors (for example: not eligible for auto-proxying)
2022-04-30 11:57:04,541 INFO  PostProcessorRegistrationDelegate$BeanPostProcessorChecker:350 - [] Bean 'methodSecurityMetadataSource' of type [org.springframework.security.access.method.DelegatingMethodSecurityMetadataSource] is not eligible for getting processed by all BeanPostProcessors (for example: not eligible for auto-proxying)
2022-04-30 11:57:05,176 INFO  TomcatWebServer:108 - [] Tomcat initialized with port(s): 8089 (http)
2022-04-30 11:57:05,191 INFO  DirectJDKLog:173 - [] Starting service [Tomcat]
2022-04-30 11:57:05,192 INFO  DirectJDKLog:173 - [] Starting Servlet engine: [Apache Tomcat/9.0.39]
2022-04-30 11:57:05,374 INFO  DirectJDKLog:173 - [] Initializing Spring embedded WebApplicationContext
2022-04-30 11:57:05,375 INFO  ServletWebServerApplicationContext:289 - [] Root WebApplicationContext: initialization completed in 5850 ms
2022-04-30 11:57:05,774 WARN  JpaBaseConfiguration$JpaWebConfiguration:221 - [] spring.jpa.open-in-view is enabled by default. Therefore, database queries may be performed during view rendering. Explicitly configure spring.jpa.open-in-view to disable this warning
2022-04-30 11:57:05,944 INFO  ExecutorConfigurationSupport:181 - [] Initializing ExecutorService 'applicationTaskExecutor'
2022-04-30 11:57:06,081 INFO  LogHelper:31 - [] HHH000204: Processing PersistenceUnitInfo [name: default]
2022-04-30 11:57:06,204 INFO  Version:44 - [] HHH000412: Hibernate ORM core version 5.4.23.Final
2022-04-30 11:57:06,512 INFO  JavaReflectionManager:56 - [] HCANN000001: Hibernate Commons Annotations {5.1.2.Final}
2022-04-30 11:57:06,801 INFO  HikariDataSource:110 - [] HikariPool-1 - Starting...
2022-04-30 11:57:07,180 INFO  HikariDataSource:123 - [] HikariPool-1 - Start completed.
2022-04-30 11:57:07,216 INFO  Dialect:170 - [] HHH000400: Using dialect: org.hibernate.dialect.PostgreSQLDialect
2022-04-30 11:57:08,030 INFO  EndpointLinksResolver:58 - [] Exposing 2 endpoint(s) beneath base path '/actuator'
2022-04-30 11:57:08,264 INFO  PropertySourcedRequestMappingHandlerMapping:69 - [] Mapped URL path [/v2/api-docs] onto method [springfox.documentation.swagger2.web.Swagger2Controller#getDocumentation(String, HttpServletRequest)]
2022-04-30 11:57:08,664 INFO  DefaultSecurityFilterChain:51 - [] Will secure any request with [org.springframework.security.web.context.request.async.WebAsyncManagerIntegrationFilter@47eae91d, org.springframework.security.web.context.SecurityContextPersistenceFilter@4ad8d36f, org.springframework.security.web.header.HeaderWriterFilter@174e1b99, org.springframework.security.web.authentication.logout.LogoutFilter@4bc21e34, app.igesa.security.jwt.AuthTokenFilter@7e27f603, org.springframework.security.web.savedrequest.RequestCacheAwareFilter@68c4a860, org.springframework.security.web.servletapi.SecurityContextHolderAwareRequestFilter@1d06801f, org.springframework.security.web.authentication.rememberme.RememberMeAuthenticationFilter@2aa07d80, org.springframework.security.web.authentication.AnonymousAuthenticationFilter@c1a74d, org.springframework.security.web.session.SessionManagementFilter@2f166d61, org.springframework.security.web.access.ExceptionTranslationFilter@5960f17, org.springframework.security.web.access.intercept.FilterSecurityInterceptor@35f01759]
2022-04-30 11:57:10,563 INFO  JtaPlatformInitiator:52 - [] HHH000490: Using JtaPlatform implementation: [org.hibernate.engine.transaction.jta.platform.internal.NoJtaPlatform]
2022-04-30 11:57:10,583 INFO  AbstractEntityManagerFactoryBean:434 - [] Initialized JPA EntityManagerFactory for persistence unit 'default'
2022-04-30 11:57:11,488 INFO  TomcatWebServer:220 - [] Tomcat started on port(s): 8089 (http) with context path ''
2022-04-30 11:57:11,490 INFO  DocumentationPluginsBootstrapper:160 - [] Context refreshed
2022-04-30 11:57:11,518 INFO  DocumentationPluginsBootstrapper:163 - [] Found 1 custom documentation plugin(s)
2022-04-30 11:57:11,637 INFO  ApiListingReferenceScanner:41 - [] Scanning for api listing references
2022-04-30 11:57:12,213 INFO  CachingOperationNameGenerator:40 - [] Generating unique operation named: deleteUsingDELETE_1
2022-04-30 11:57:12,218 INFO  CachingOperationNameGenerator:40 - [] Generating unique operation named: findByIdUsingGET_1
2022-04-30 11:57:12,227 INFO  CachingOperationNameGenerator:40 - [] Generating unique operation named: saveUsingPOST_1
2022-04-30 11:57:12,232 INFO  CachingOperationNameGenerator:40 - [] Generating unique operation named: updateUsingPUT_1
2022-04-30 11:57:12,238 INFO  CachingOperationNameGenerator:40 - [] Generating unique operation named: viewUsingGET_1
2022-04-30 11:57:12,267 INFO  CachingOperationNameGenerator:40 - [] Generating unique operation named: deleteUsingDELETE_2
2022-04-30 11:57:12,276 INFO  CachingOperationNameGenerator:40 - [] Generating unique operation named: findByIdUsingGET_2
2022-04-30 11:57:12,284 INFO  CachingOperationNameGenerator:40 - [] Generating unique operation named: saveUsingPOST_2
2022-04-30 11:57:12,290 INFO  CachingOperationNameGenerator:40 - [] Generating unique operation named: updateUsingPUT_2
2022-04-30 11:57:12,300 INFO  CachingOperationNameGenerator:40 - [] Generating unique operation named: viewUsingGET_2
2022-04-30 11:57:12,331 INFO  CachingOperationNameGenerator:40 - [] Generating unique operation named: deleteUsingDELETE_3
2022-04-30 11:57:12,336 INFO  CachingOperationNameGenerator:40 - [] Generating unique operation named: findByIdUsingGET_3
2022-04-30 11:57:12,359 INFO  CachingOperationNameGenerator:40 - [] Generating unique operation named: saveUsingPOST_3
2022-04-30 11:57:12,364 INFO  CachingOperationNameGenerator:40 - [] Generating unique operation named: updateUsingPUT_3
2022-04-30 11:57:12,370 INFO  CachingOperationNameGenerator:40 - [] Generating unique operation named: viewUsingGET_3
2022-04-30 11:57:12,383 INFO  CachingOperationNameGenerator:40 - [] Generating unique operation named: findByIdUsingGET_4
2022-04-30 11:57:12,404 INFO  CachingOperationNameGenerator:40 - [] Generating unique operation named: deleteUsingDELETE_4
2022-04-30 11:57:12,421 INFO  CachingOperationNameGenerator:40 - [] Generating unique operation named: findByIdUsingGET_5
2022-04-30 11:57:12,434 INFO  CachingOperationNameGenerator:40 - [] Generating unique operation named: saveUsingPOST_4
2022-04-30 11:57:12,440 INFO  CachingOperationNameGenerator:40 - [] Generating unique operation named: updateUsingPUT_4
2022-04-30 11:57:12,446 INFO  CachingOperationNameGenerator:40 - [] Generating unique operation named: viewUsingGET_4
2022-04-30 11:57:12,528 INFO  CachingOperationNameGenerator:40 - [] Generating unique operation named: deleteUsingDELETE_5
2022-04-30 11:57:12,549 INFO  CachingOperationNameGenerator:40 - [] Generating unique operation named: findByIdUsingGET_6
2022-04-30 11:57:12,557 INFO  CachingOperationNameGenerator:40 - [] Generating unique operation named: saveUsingPOST_5
2022-04-30 11:57:12,561 INFO  CachingOperationNameGenerator:40 - [] Generating unique operation named: updateUsingPUT_5
2022-04-30 11:57:12,565 INFO  CachingOperationNameGenerator:40 - [] Generating unique operation named: viewUsingGET_5
2022-04-30 11:57:12,627 INFO  CachingOperationNameGenerator:40 - [] Generating unique operation named: deleteUsingDELETE_6
2022-04-30 11:57:12,631 INFO  CachingOperationNameGenerator:40 - [] Generating unique operation named: findByIdUsingGET_7
2022-04-30 11:57:12,637 INFO  CachingOperationNameGenerator:40 - [] Generating unique operation named: saveUsingPOST_6
2022-04-30 11:57:12,643 INFO  CachingOperationNameGenerator:40 - [] Generating unique operation named: updateUsingPUT_6
2022-04-30 11:57:12,648 INFO  CachingOperationNameGenerator:40 - [] Generating unique operation named: viewUsingGET_6
2022-04-30 11:57:12,670 INFO  CachingOperationNameGenerator:40 - [] Generating unique operation named: deleteUsingDELETE_7
2022-04-30 11:57:12,678 INFO  CachingOperationNameGenerator:40 - [] Generating unique operation named: findByIdUsingGET_8
2022-04-30 11:57:12,694 INFO  CachingOperationNameGenerator:40 - [] Generating unique operation named: saveUsingPOST_7
2022-04-30 11:57:12,701 INFO  CachingOperationNameGenerator:40 - [] Generating unique operation named: updateUsingPUT_7
2022-04-30 11:57:12,707 INFO  CachingOperationNameGenerator:40 - [] Generating unique operation named: viewUsingGET_7
2022-04-30 11:57:12,715 INFO  CachingOperationNameGenerator:40 - [] Generating unique operation named: handleUsingGET_1
2022-04-30 11:57:12,718 INFO  CachingOperationNameGenerator:40 - [] Generating unique operation named: handleUsingGET_2
2022-04-30 11:57:12,727 INFO  CachingOperationNameGenerator:40 - [] Generating unique operation named: deleteUsingDELETE_8
2022-04-30 11:57:12,734 INFO  CachingOperationNameGenerator:40 - [] Generating unique operation named: findByIdUsingGET_9
2022-04-30 11:57:12,741 INFO  CachingOperationNameGenerator:40 - [] Generating unique operation named: saveUsingPOST_8
2022-04-30 11:57:12,746 INFO  CachingOperationNameGenerator:40 - [] Generating unique operation named: updateUsingPUT_8
2022-04-30 11:57:12,750 INFO  CachingOperationNameGenerator:40 - [] Generating unique operation named: viewUsingGET_8
2022-04-30 11:57:12,792 INFO  CachingOperationNameGenerator:40 - [] Generating unique operation named: deleteUsingDELETE_9
2022-04-30 11:57:12,799 INFO  CachingOperationNameGenerator:40 - [] Generating unique operation named: findByIdUsingGET_10
2022-04-30 11:57:12,811 INFO  CachingOperationNameGenerator:40 - [] Generating unique operation named: saveUsingPOST_9
2022-04-30 11:57:12,815 INFO  CachingOperationNameGenerator:40 - [] Generating unique operation named: updateUsingPUT_9
2022-04-30 11:57:12,820 INFO  CachingOperationNameGenerator:40 - [] Generating unique operation named: viewUsingGET_9
2022-04-30 11:57:12,837 INFO  CachingOperationNameGenerator:40 - [] Generating unique operation named: deleteUsingDELETE_10
2022-04-30 11:57:12,847 INFO  CachingOperationNameGenerator:40 - [] Generating unique operation named: findByIdUsingGET_11
2022-04-30 11:57:12,913 INFO  CachingOperationNameGenerator:40 - [] Generating unique operation named: saveUsingPOST_10
2022-04-30 11:57:12,920 INFO  CachingOperationNameGenerator:40 - [] Generating unique operation named: updateUsingPUT_10
2022-04-30 11:57:12,926 INFO  CachingOperationNameGenerator:40 - [] Generating unique operation named: viewUsingGET_10
2022-04-30 11:57:12,935 INFO  CachingOperationNameGenerator:40 - [] Generating unique operation named: deleteUsingDELETE_11
2022-04-30 11:57:12,945 INFO  CachingOperationNameGenerator:40 - [] Generating unique operation named: findByIdUsingGET_12
2022-04-30 11:57:12,955 INFO  CachingOperationNameGenerator:40 - [] Generating unique operation named: saveUsingPOST_11
2022-04-30 11:57:12,962 INFO  CachingOperationNameGenerator:40 - [] Generating unique operation named: updateUsingPUT_11
2022-04-30 11:57:12,966 INFO  CachingOperationNameGenerator:40 - [] Generating unique operation named: viewUsingGET_11
2022-04-30 11:57:12,972 INFO  CachingOperationNameGenerator:40 - [] Generating unique operation named: deleteUsingDELETE_12
2022-04-30 11:57:12,977 INFO  CachingOperationNameGenerator:40 - [] Generating unique operation named: findByIdUsingGET_13
2022-04-30 11:57:12,981 INFO  CachingOperationNameGenerator:40 - [] Generating unique operation named: saveUsingPOST_12
2022-04-30 11:57:12,986 INFO  CachingOperationNameGenerator:40 - [] Generating unique operation named: updateUsingPUT_12
2022-04-30 11:57:12,990 INFO  CachingOperationNameGenerator:40 - [] Generating unique operation named: viewUsingGET_12
2022-04-30 11:57:12,995 INFO  CachingOperationNameGenerator:40 - [] Generating unique operation named: deleteUsingDELETE_13
2022-04-30 11:57:13,003 INFO  CachingOperationNameGenerator:40 - [] Generating unique operation named: findByIdUsingGET_14
2022-04-30 11:57:13,008 INFO  CachingOperationNameGenerator:40 - [] Generating unique operation named: saveUsingPOST_13
2022-04-30 11:57:13,012 INFO  CachingOperationNameGenerator:40 - [] Generating unique operation named: updateUsingPUT_13
2022-04-30 11:57:13,016 INFO  CachingOperationNameGenerator:40 - [] Generating unique operation named: viewUsingGET_13
2022-04-30 11:57:13,021 INFO  CachingOperationNameGenerator:40 - [] Generating unique operation named: deleteUsingDELETE_14
2022-04-30 11:57:13,028 INFO  CachingOperationNameGenerator:40 - [] Generating unique operation named: findByIdUsingGET_15
2022-04-30 11:57:13,032 INFO  CachingOperationNameGenerator:40 - [] Generating unique operation named: saveUsingPOST_14
2022-04-30 11:57:13,035 INFO  CachingOperationNameGenerator:40 - [] Generating unique operation named: updateUsingPUT_14
2022-04-30 11:57:13,038 INFO  CachingOperationNameGenerator:40 - [] Generating unique operation named: viewUsingGET_14
2022-04-30 11:57:13,110 INFO  DeferredRepositoryInitializationListener:51 - [] Triggering deferred initialization of Spring Data repositories…
2022-04-30 11:57:14,224 WARN  AbstractApplicationContext:596 - [] Exception encountered during context initialization - cancelling refresh attempt: org.springframework.beans.factory.BeanCreationException: Error creating bean with name 'iplateformeRepository': FactoryBean threw exception on object creation; nested exception is java.lang.IllegalArgumentException: Failed to create query for method public abstract java.util.List app.igesa.repository.IplateformeRepository.findByPublished(boolean)! No property createdBy found for type Plateforme!
2022-04-30 11:57:14,234 INFO  AbstractEntityManagerFactoryBean:648 - [] Closing JPA EntityManagerFactory for persistence unit 'default'
2022-04-30 11:57:14,237 INFO  ExecutorConfigurationSupport:218 - [] Shutting down ExecutorService 'applicationTaskExecutor'
2022-04-30 11:57:14,238 INFO  HikariDataSource:350 - [] HikariPool-1 - Shutdown initiated...
2022-04-30 11:57:14,248 INFO  HikariDataSource:352 - [] HikariPool-1 - Shutdown completed.
2022-04-30 11:57:14,283 INFO  DirectJDKLog:173 - [] Stopping service [Tomcat]
2022-04-30 11:57:14,355 INFO  ConditionEvaluationReportLoggingListener:136 - [] 

Error starting ApplicationContext. To display the conditions report re-run your application with 'debug' enabled.
2022-04-30 11:57:14,387 ERROR SpringApplication:856 - [] Application run failed
org.springframework.beans.factory.BeanCreationException: Error creating bean with name 'iplateformeRepository': FactoryBean threw exception on object creation; nested exception is java.lang.IllegalArgumentException: Failed to create query for method public abstract java.util.List app.igesa.repository.IplateformeRepository.findByPublished(boolean)! No property createdBy found for type Plateforme!
	at org.springframework.beans.factory.support.FactoryBeanRegistrySupport.doGetObjectFromFactoryBean(FactoryBeanRegistrySupport.java:176)
	at org.springframework.beans.factory.support.FactoryBeanRegistrySupport.getObjectFromFactoryBean(FactoryBeanRegistrySupport.java:101)
	at org.springframework.beans.factory.support.AbstractBeanFactory.getObjectForBeanInstance(AbstractBeanFactory.java:1879)
	at org.springframework.beans.factory.support.AbstractAutowireCapableBeanFactory.getObjectForBeanInstance(AbstractAutowireCapableBeanFactory.java:1268)
	at org.springframework.beans.factory.support.AbstractBeanFactory.doGetBean(AbstractBeanFactory.java:345)
	at org.springframework.beans.factory.support.AbstractBeanFactory.getBean(AbstractBeanFactory.java:208)
	at org.springframework.beans.factory.support.DefaultListableBeanFactory.getBeansOfType(DefaultListableBeanFactory.java:671)
	at org.springframework.beans.factory.support.DefaultListableBeanFactory.getBeansOfType(DefaultListableBeanFactory.java:659)
	at org.springframework.data.repository.config.DeferredRepositoryInitializationListener.onApplicationEvent(DeferredRepositoryInitializationListener.java:53)
	at org.springframework.data.repository.config.DeferredRepositoryInitializationListener.onApplicationEvent(DeferredRepositoryInitializationListener.java:35)
	at org.springframework.context.event.SimpleApplicationEventMulticaster.doInvokeListener(SimpleApplicationEventMulticaster.java:203)
	at org.springframework.context.event.SimpleApplicationEventMulticaster.invokeListener(SimpleApplicationEventMulticaster.java:196)
	at org.springframework.context.event.SimpleApplicationEventMulticaster.multicastEvent(SimpleApplicationEventMulticaster.java:161)
	at org.springframework.context.support.AbstractApplicationContext.publishEvent(AbstractApplicationContext.java:426)
	at org.springframework.context.support.AbstractApplicationContext.publishEvent(AbstractApplicationContext.java:383)
	at org.springframework.context.support.AbstractApplicationContext.finishRefresh(AbstractApplicationContext.java:945)
	at org.springframework.context.support.AbstractApplicationContext.refresh(AbstractApplicationContext.java:591)
	at org.springframework.boot.web.servlet.context.ServletWebServerApplicationContext.refresh(ServletWebServerApplicationContext.java:144)
	at org.springframework.boot.SpringApplication.refresh(SpringApplication.java:767)
	at org.springframework.boot.SpringApplication.refresh(SpringApplication.java:759)
	at org.springframework.boot.SpringApplication.refreshContext(SpringApplication.java:426)
	at org.springframework.boot.SpringApplication.run(SpringApplication.java:326)
	at org.springframework.boot.SpringApplication.run(SpringApplication.java:1309)
	at org.springframework.boot.SpringApplication.run(SpringApplication.java:1298)
	at app.igesa.MultiwebsitesApplication.main(MultiwebsitesApplication.java:43)
Caused by: java.lang.IllegalArgumentException: Failed to create query for method public abstract java.util.List app.igesa.repository.IplateformeRepository.findByPublished(boolean)! No property createdBy found for type Plateforme!
	at org.springframework.data.jpa.repository.query.PartTreeJpaQuery.<init>(PartTreeJpaQuery.java:96)
	at org.springframework.data.jpa.repository.query.JpaQueryLookupStrategy$CreateQueryLookupStrategy.resolveQuery(JpaQueryLookupStrategy.java:107)
	at org.springframework.data.jpa.repository.query.JpaQueryLookupStrategy$CreateIfNotFoundQueryLookupStrategy.resolveQuery(JpaQueryLookupStrategy.java:218)
	at org.springframework.data.jpa.repository.query.JpaQueryLookupStrategy$AbstractQueryLookupStrategy.resolveQuery(JpaQueryLookupStrategy.java:81)
	at org.springframework.data.repository.core.support.QueryExecutorMethodInterceptor.lookupQuery(QueryExecutorMethodInterceptor.java:100)
	at org.springframework.data.repository.core.support.QueryExecutorMethodInterceptor.lambda$mapMethodsToQuery$1(QueryExecutorMethodInterceptor.java:93)
	at java.base/java.util.stream.ReferencePipeline$3$1.accept(ReferencePipeline.java:197)
	at java.base/java.util.Iterator.forEachRemaining(Iterator.java:133)
	at java.base/java.util.Collections$UnmodifiableCollection$1.forEachRemaining(Collections.java:1061)
	at java.base/java.util.Spliterators$IteratorSpliterator.forEachRemaining(Spliterators.java:1845)
	at java.base/java.util.stream.AbstractPipeline.copyInto(AbstractPipeline.java:509)
	at java.base/java.util.stream.AbstractPipeline.wrapAndCopyInto(AbstractPipeline.java:499)
	at java.base/java.util.stream.ReduceOps$ReduceOp.evaluateSequential(ReduceOps.java:921)
	at java.base/java.util.stream.AbstractPipeline.evaluate(AbstractPipeline.java:234)
	at java.base/java.util.stream.ReferencePipeline.collect(ReferencePipeline.java:682)
	at org.springframework.data.repository.core.support.QueryExecutorMethodInterceptor.mapMethodsToQuery(QueryExecutorMethodInterceptor.java:95)
	at org.springframework.data.repository.core.support.QueryExecutorMethodInterceptor.lambda$new$0(QueryExecutorMethodInterceptor.java:85)
	at java.base/java.util.Optional.map(Optional.java:260)
	at org.springframework.data.repository.core.support.QueryExecutorMethodInterceptor.<init>(QueryExecutorMethodInterceptor.java:85)
	at org.springframework.data.repository.core.support.RepositoryFactorySupport.getRepository(RepositoryFactorySupport.java:303)
	at org.springframework.data.repository.core.support.RepositoryFactoryBeanSupport.lambda$afterPropertiesSet$6(RepositoryFactoryBeanSupport.java:326)
	at org.springframework.data.util.Lazy.getNullable(Lazy.java:230)
	at org.springframework.data.util.Lazy.get(Lazy.java:114)
	at org.springframework.data.repository.core.support.RepositoryFactoryBeanSupport.getObject(RepositoryFactoryBeanSupport.java:271)
	at org.springframework.data.repository.core.support.RepositoryFactoryBeanSupport.getObject(RepositoryFactoryBeanSupport.java:58)
	at org.springframework.beans.factory.support.FactoryBeanRegistrySupport.doGetObjectFromFactoryBean(FactoryBeanRegistrySupport.java:169)
	... 24 common frames omitted
Caused by: org.springframework.data.mapping.PropertyReferenceException: No property createdBy found for type Plateforme!
	at org.springframework.data.mapping.PropertyPath.<init>(PropertyPath.java:90)
	at org.springframework.data.mapping.PropertyPath.create(PropertyPath.java:437)
	at org.springframework.data.mapping.PropertyPath.create(PropertyPath.java:413)
	at org.springframework.data.mapping.PropertyPath.lambda$from$0(PropertyPath.java:366)
	at java.base/java.util.concurrent.ConcurrentMap.computeIfAbsent(ConcurrentMap.java:330)
	at org.springframework.data.mapping.PropertyPath.from(PropertyPath.java:348)
	at org.springframework.data.mapping.PropertyPath.from(PropertyPath.java:331)
	at org.springframework.data.jpa.repository.query.JpaQueryCreator.complete(JpaQueryCreator.java:175)
	at org.springframework.data.jpa.repository.query.JpaQueryCreator.complete(JpaQueryCreator.java:152)
	at org.springframework.data.jpa.repository.query.JpaQueryCreator.complete(JpaQueryCreator.java:59)
	at org.springframework.data.repository.query.parser.AbstractQueryCreator.createQuery(AbstractQueryCreator.java:95)
	at org.springframework.data.repository.query.parser.AbstractQueryCreator.createQuery(AbstractQueryCreator.java:81)
	at org.springframework.data.jpa.repository.query.PartTreeJpaQuery$QueryPreparer.<init>(PartTreeJpaQuery.java:217)
	at org.springframework.data.jpa.repository.query.PartTreeJpaQuery.<init>(PartTreeJpaQuery.java:92)
	... 49 common frames omitted
2022-04-30 11:58:28,523 INFO  StartupInfoLogger:55 - [] Starting MultiwebsitesApplication using Java 18 on DESKTOP-CI469KC with PID 18272 (C:\Users\mss\Desktop\PFEEEE\Graduartion\backend\target\classes started by mss in C:\Users\mss\Desktop\PFEEEE\Graduartion)
2022-04-30 11:58:28,530 INFO  SpringApplication:660 - [] No active profile set, falling back to default profiles: default
2022-04-30 11:58:30,907 INFO  RepositoryConfigurationDelegate:128 - [] Bootstrapping Spring Data JPA repositories in DEFERRED mode.
2022-04-30 11:58:31,520 INFO  RepositoryConfigurationDelegate:188 - [] Finished Spring Data repository scanning in 604 ms. Found 18 JPA repository interfaces.
2022-04-30 11:58:32,032 INFO  PostProcessorRegistrationDelegate$BeanPostProcessorChecker:350 - [] Bean 'org.springframework.security.access.expression.method.DefaultMethodSecurityExpressionHandler@4e0cc334' of type [org.springframework.security.access.expression.method.DefaultMethodSecurityExpressionHandler] is not eligible for getting processed by all BeanPostProcessors (for example: not eligible for auto-proxying)
2022-04-30 11:58:32,040 INFO  PostProcessorRegistrationDelegate$BeanPostProcessorChecker:350 - [] Bean 'methodSecurityMetadataSource' of type [org.springframework.security.access.method.DelegatingMethodSecurityMetadataSource] is not eligible for getting processed by all BeanPostProcessors (for example: not eligible for auto-proxying)
2022-04-30 11:58:32,377 INFO  TomcatWebServer:108 - [] Tomcat initialized with port(s): 8089 (http)
2022-04-30 11:58:32,391 INFO  DirectJDKLog:173 - [] Starting service [Tomcat]
2022-04-30 11:58:32,393 INFO  DirectJDKLog:173 - [] Starting Servlet engine: [Apache Tomcat/9.0.39]
2022-04-30 11:58:32,603 INFO  DirectJDKLog:173 - [] Initializing Spring embedded WebApplicationContext
2022-04-30 11:58:32,604 INFO  ServletWebServerApplicationContext:289 - [] Root WebApplicationContext: initialization completed in 3936 ms
2022-04-30 11:58:32,984 WARN  JpaBaseConfiguration$JpaWebConfiguration:221 - [] spring.jpa.open-in-view is enabled by default. Therefore, database queries may be performed during view rendering. Explicitly configure spring.jpa.open-in-view to disable this warning
2022-04-30 11:58:33,092 INFO  ExecutorConfigurationSupport:181 - [] Initializing ExecutorService 'applicationTaskExecutor'
2022-04-30 11:58:33,178 INFO  LogHelper:31 - [] HHH000204: Processing PersistenceUnitInfo [name: default]
2022-04-30 11:58:33,256 INFO  Version:44 - [] HHH000412: Hibernate ORM core version 5.4.23.Final
2022-04-30 11:58:33,510 INFO  JavaReflectionManager:56 - [] HCANN000001: Hibernate Commons Annotations {5.1.2.Final}
2022-04-30 11:58:33,754 INFO  HikariDataSource:110 - [] HikariPool-1 - Starting...
2022-04-30 11:58:34,080 INFO  HikariDataSource:123 - [] HikariPool-1 - Start completed.
2022-04-30 11:58:34,102 INFO  Dialect:170 - [] HHH000400: Using dialect: org.hibernate.dialect.PostgreSQLDialect
2022-04-30 11:58:35,024 INFO  EndpointLinksResolver:58 - [] Exposing 2 endpoint(s) beneath base path '/actuator'
2022-04-30 11:58:35,277 INFO  PropertySourcedRequestMappingHandlerMapping:69 - [] Mapped URL path [/v2/api-docs] onto method [springfox.documentation.swagger2.web.Swagger2Controller#getDocumentation(String, HttpServletRequest)]
2022-04-30 11:58:35,537 INFO  DefaultSecurityFilterChain:51 - [] Will secure any request with [org.springframework.security.web.context.request.async.WebAsyncManagerIntegrationFilter@32e7b78d, org.springframework.security.web.context.SecurityContextPersistenceFilter@2375a976, org.springframework.security.web.header.HeaderWriterFilter@79445efb, org.springframework.security.web.authentication.logout.LogoutFilter@8b1202a, app.igesa.security.jwt.AuthTokenFilter@5cdf221a, org.springframework.security.web.savedrequest.RequestCacheAwareFilter@7544260a, org.springframework.security.web.servletapi.SecurityContextHolderAwareRequestFilter@2a6dbb7c, org.springframework.security.web.authentication.rememberme.RememberMeAuthenticationFilter@4654e373, org.springframework.security.web.authentication.AnonymousAuthenticationFilter@4583b617, org.springframework.security.web.session.SessionManagementFilter@2932e15f, org.springframework.security.web.access.ExceptionTranslationFilter@237aa0c7, org.springframework.security.web.access.intercept.FilterSecurityInterceptor@69bca406]
2022-04-30 11:58:36,978 INFO  JtaPlatformInitiator:52 - [] HHH000490: Using JtaPlatform implementation: [org.hibernate.engine.transaction.jta.platform.internal.NoJtaPlatform]
2022-04-30 11:58:36,998 INFO  AbstractEntityManagerFactoryBean:434 - [] Initialized JPA EntityManagerFactory for persistence unit 'default'
2022-04-30 11:58:37,605 INFO  TomcatWebServer:220 - [] Tomcat started on port(s): 8089 (http) with context path ''
2022-04-30 11:58:37,607 INFO  DocumentationPluginsBootstrapper:160 - [] Context refreshed
2022-04-30 11:58:37,625 INFO  DocumentationPluginsBootstrapper:163 - [] Found 1 custom documentation plugin(s)
2022-04-30 11:58:37,711 INFO  ApiListingReferenceScanner:41 - [] Scanning for api listing references
2022-04-30 11:58:38,107 INFO  CachingOperationNameGenerator:40 - [] Generating unique operation named: deleteUsingDELETE_1
2022-04-30 11:58:38,112 INFO  CachingOperationNameGenerator:40 - [] Generating unique operation named: findByIdUsingGET_1
2022-04-30 11:58:38,126 INFO  CachingOperationNameGenerator:40 - [] Generating unique operation named: saveUsingPOST_1
2022-04-30 11:58:38,130 INFO  CachingOperationNameGenerator:40 - [] Generating unique operation named: updateUsingPUT_1
2022-04-30 11:58:38,140 INFO  CachingOperationNameGenerator:40 - [] Generating unique operation named: viewUsingGET_1
2022-04-30 11:58:38,163 INFO  CachingOperationNameGenerator:40 - [] Generating unique operation named: deleteUsingDELETE_2
2022-04-30 11:58:38,171 INFO  CachingOperationNameGenerator:40 - [] Generating unique operation named: findByIdUsingGET_2
2022-04-30 11:58:38,184 INFO  CachingOperationNameGenerator:40 - [] Generating unique operation named: saveUsingPOST_2
2022-04-30 11:58:38,191 INFO  CachingOperationNameGenerator:40 - [] Generating unique operation named: updateUsingPUT_2
2022-04-30 11:58:38,198 INFO  CachingOperationNameGenerator:40 - [] Generating unique operation named: viewUsingGET_2
2022-04-30 11:58:38,238 INFO  CachingOperationNameGenerator:40 - [] Generating unique operation named: deleteUsingDELETE_3
2022-04-30 11:58:38,286 INFO  CachingOperationNameGenerator:40 - [] Generating unique operation named: findByIdUsingGET_3
2022-04-30 11:58:38,311 INFO  CachingOperationNameGenerator:40 - [] Generating unique operation named: saveUsingPOST_3
2022-04-30 11:58:38,321 INFO  CachingOperationNameGenerator:40 - [] Generating unique operation named: updateUsingPUT_3
2022-04-30 11:58:38,328 INFO  CachingOperationNameGenerator:40 - [] Generating unique operation named: viewUsingGET_3
2022-04-30 11:58:38,347 INFO  CachingOperationNameGenerator:40 - [] Generating unique operation named: findByIdUsingGET_4
2022-04-30 11:58:38,380 INFO  CachingOperationNameGenerator:40 - [] Generating unique operation named: deleteUsingDELETE_4
2022-04-30 11:58:38,397 INFO  CachingOperationNameGenerator:40 - [] Generating unique operation named: findByIdUsingGET_5
2022-04-30 11:58:38,426 INFO  CachingOperationNameGenerator:40 - [] Generating unique operation named: saveUsingPOST_4
2022-04-30 11:58:38,431 INFO  CachingOperationNameGenerator:40 - [] Generating unique operation named: updateUsingPUT_4
2022-04-30 11:58:38,436 INFO  CachingOperationNameGenerator:40 - [] Generating unique operation named: viewUsingGET_4
2022-04-30 11:58:38,486 INFO  CachingOperationNameGenerator:40 - [] Generating unique operation named: deleteUsingDELETE_5
2022-04-30 11:58:38,499 INFO  CachingOperationNameGenerator:40 - [] Generating unique operation named: findByIdUsingGET_6
2022-04-30 11:58:38,504 INFO  CachingOperationNameGenerator:40 - [] Generating unique operation named: saveUsingPOST_5
2022-04-30 11:58:38,507 INFO  CachingOperationNameGenerator:40 - [] Generating unique operation named: updateUsingPUT_5
2022-04-30 11:58:38,511 INFO  CachingOperationNameGenerator:40 - [] Generating unique operation named: viewUsingGET_5
2022-04-30 11:58:38,577 INFO  CachingOperationNameGenerator:40 - [] Generating unique operation named: deleteUsingDELETE_6
2022-04-30 11:58:38,582 INFO  CachingOperationNameGenerator:40 - [] Generating unique operation named: findByIdUsingGET_7
2022-04-30 11:58:38,588 INFO  CachingOperationNameGenerator:40 - [] Generating unique operation named: saveUsingPOST_6
2022-04-30 11:58:38,592 INFO  CachingOperationNameGenerator:40 - [] Generating unique operation named: updateUsingPUT_6
2022-04-30 11:58:38,596 INFO  CachingOperationNameGenerator:40 - [] Generating unique operation named: viewUsingGET_6
2022-04-30 11:58:38,650 INFO  CachingOperationNameGenerator:40 - [] Generating unique operation named: deleteUsingDELETE_7
2022-04-30 11:58:38,658 INFO  CachingOperationNameGenerator:40 - [] Generating unique operation named: findByIdUsingGET_8
2022-04-30 11:58:38,676 INFO  CachingOperationNameGenerator:40 - [] Generating unique operation named: saveUsingPOST_7
2022-04-30 11:58:38,680 INFO  CachingOperationNameGenerator:40 - [] Generating unique operation named: updateUsingPUT_7
2022-04-30 11:58:38,684 INFO  CachingOperationNameGenerator:40 - [] Generating unique operation named: viewUsingGET_7
2022-04-30 11:58:38,690 INFO  CachingOperationNameGenerator:40 - [] Generating unique operation named: handleUsingGET_1
2022-04-30 11:58:38,692 INFO  CachingOperationNameGenerator:40 - [] Generating unique operation named: handleUsingGET_2
2022-04-30 11:58:38,699 INFO  CachingOperationNameGenerator:40 - [] Generating unique operation named: deleteUsingDELETE_8
2022-04-30 11:58:38,707 INFO  CachingOperationNameGenerator:40 - [] Generating unique operation named: findByIdUsingGET_9
2022-04-30 11:58:38,714 INFO  CachingOperationNameGenerator:40 - [] Generating unique operation named: saveUsingPOST_8
2022-04-30 11:58:38,718 INFO  CachingOperationNameGenerator:40 - [] Generating unique operation named: updateUsingPUT_8
2022-04-30 11:58:38,722 INFO  CachingOperationNameGenerator:40 - [] Generating unique operation named: viewUsingGET_8
2022-04-30 11:58:38,749 INFO  CachingOperationNameGenerator:40 - [] Generating unique operation named: deleteUsingDELETE_9
2022-04-30 11:58:38,754 INFO  CachingOperationNameGenerator:40 - [] Generating unique operation named: findByIdUsingGET_10
2022-04-30 11:58:38,759 INFO  CachingOperationNameGenerator:40 - [] Generating unique operation named: saveUsingPOST_9
2022-04-30 11:58:38,762 INFO  CachingOperationNameGenerator:40 - [] Generating unique operation named: updateUsingPUT_9
2022-04-30 11:58:38,765 INFO  CachingOperationNameGenerator:40 - [] Generating unique operation named: viewUsingGET_9
2022-04-30 11:58:38,774 INFO  CachingOperationNameGenerator:40 - [] Generating unique operation named: deleteUsingDELETE_10
2022-04-30 11:58:38,777 INFO  CachingOperationNameGenerator:40 - [] Generating unique operation named: findByIdUsingGET_11
2022-04-30 11:58:38,787 INFO  CachingOperationNameGenerator:40 - [] Generating unique operation named: saveUsingPOST_10
2022-04-30 11:58:38,794 INFO  CachingOperationNameGenerator:40 - [] Generating unique operation named: updateUsingPUT_10
2022-04-30 11:58:38,799 INFO  CachingOperationNameGenerator:40 - [] Generating unique operation named: viewUsingGET_10
2022-04-30 11:58:38,806 INFO  CachingOperationNameGenerator:40 - [] Generating unique operation named: deleteUsingDELETE_11
2022-04-30 11:58:38,808 INFO  CachingOperationNameGenerator:40 - [] Generating unique operation named: findByIdUsingGET_12
2022-04-30 11:58:38,811 INFO  CachingOperationNameGenerator:40 - [] Generating unique operation named: saveUsingPOST_11
2022-04-30 11:58:38,814 INFO  CachingOperationNameGenerator:40 - [] Generating unique operation named: updateUsingPUT_11
2022-04-30 11:58:38,816 INFO  CachingOperationNameGenerator:40 - [] Generating unique operation named: viewUsingGET_11
2022-04-30 11:58:38,825 INFO  CachingOperationNameGenerator:40 - [] Generating unique operation named: deleteUsingDELETE_12
2022-04-30 11:58:38,827 INFO  CachingOperationNameGenerator:40 - [] Generating unique operation named: findByIdUsingGET_13
2022-04-30 11:58:38,830 INFO  CachingOperationNameGenerator:40 - [] Generating unique operation named: saveUsingPOST_12
2022-04-30 11:58:38,833 INFO  CachingOperationNameGenerator:40 - [] Generating unique operation named: updateUsingPUT_12
2022-04-30 11:58:38,838 INFO  CachingOperationNameGenerator:40 - [] Generating unique operation named: viewUsingGET_12
2022-04-30 11:58:38,842 INFO  CachingOperationNameGenerator:40 - [] Generating unique operation named: deleteUsingDELETE_13
2022-04-30 11:58:38,848 INFO  CachingOperationNameGenerator:40 - [] Generating unique operation named: findByIdUsingGET_14
2022-04-30 11:58:38,851 INFO  CachingOperationNameGenerator:40 - [] Generating unique operation named: saveUsingPOST_13
2022-04-30 11:58:38,855 INFO  CachingOperationNameGenerator:40 - [] Generating unique operation named: updateUsingPUT_13
2022-04-30 11:58:38,858 INFO  CachingOperationNameGenerator:40 - [] Generating unique operation named: viewUsingGET_13
2022-04-30 11:58:38,861 INFO  CachingOperationNameGenerator:40 - [] Generating unique operation named: deleteUsingDELETE_14
2022-04-30 11:58:38,866 INFO  CachingOperationNameGenerator:40 - [] Generating unique operation named: findByIdUsingGET_15
2022-04-30 11:58:38,870 INFO  CachingOperationNameGenerator:40 - [] Generating unique operation named: saveUsingPOST_14
2022-04-30 11:58:38,872 INFO  CachingOperationNameGenerator:40 - [] Generating unique operation named: updateUsingPUT_14
2022-04-30 11:58:38,875 INFO  CachingOperationNameGenerator:40 - [] Generating unique operation named: viewUsingGET_14
2022-04-30 11:58:38,901 INFO  DeferredRepositoryInitializationListener:51 - [] Triggering deferred initialization of Spring Data repositories…
2022-04-30 11:58:40,067 INFO  DeferredRepositoryInitializationListener:55 - [] Spring Data repositories initialized!
2022-04-30 11:58:40,095 INFO  StartupInfoLogger:61 - [] Started MultiwebsitesApplication in 12.39 seconds (JVM running for 15.513)
2022-04-30 11:59:06,341 INFO  DirectJDKLog:173 - [] Initializing Spring DispatcherServlet 'dispatcherServlet'
2022-04-30 11:59:06,342 INFO  FrameworkServlet:525 - [] Initializing Servlet 'dispatcherServlet'
2022-04-30 11:59:06,349 INFO  FrameworkServlet:547 - [] Completed initialization in 6 ms
2022-04-30 11:59:19,878 ERROR JwtUtils:48 - [] JWT token is expired: JWT expired at 2022-04-26T13:07:12Z. Current time: 2022-04-30T11:59:19Z, a difference of 341527876 milliseconds.  Allowed clock skew: 0 milliseconds.
2022-04-30 11:59:25,874 ERROR JwtUtils:48 - [] JWT token is expired: JWT expired at 2022-04-26T13:07:12Z. Current time: 2022-04-30T11:59:25Z, a difference of 341533874 milliseconds.  Allowed clock skew: 0 milliseconds.
2022-04-30 11:59:27,025 ERROR JwtUtils:48 - [] JWT token is expired: JWT expired at 2022-04-26T13:07:12Z. Current time: 2022-04-30T11:59:27Z, a difference of 341535024 milliseconds.  Allowed clock skew: 0 milliseconds.
2022-04-30 11:59:27,974 ERROR JwtUtils:48 - [] JWT token is expired: JWT expired at 2022-04-26T13:07:12Z. Current time: 2022-04-30T11:59:27Z, a difference of 341535973 milliseconds.  Allowed clock skew: 0 milliseconds.
2022-04-30 11:59:51,228 ERROR JwtUtils:48 - [] JWT token is expired: JWT expired at 2022-04-26T13:07:12Z. Current time: 2022-04-30T11:59:51Z, a difference of 341559228 milliseconds.  Allowed clock skew: 0 milliseconds.
