2022-05-02 00:24:43,329 INFO  StartupInfoLogger:55 - [] Starting MultiwebsitesApplication using Java 18 on DESKTOP-CI469KC with PID 15468 (C:\Users\mss\Desktop\PFEEEE\Graduartion\backend\target\classes started by mss in C:\Users\mss\Desktop\PFEEEE\Graduartion\backend)
2022-05-02 00:24:43,342 INFO  SpringApplication:660 - [] No active profile set, falling back to default profiles: default
2022-05-02 00:24:47,708 INFO  RepositoryConfigurationDelegate:128 - [] Bootstrapping Spring Data JPA repositories in DEFERRED mode.
2022-05-02 00:24:48,324 INFO  RepositoryConfigurationDelegate:188 - [] Finished Spring Data repository scanning in 600 ms. Found 18 JPA repository interfaces.
2022-05-02 00:24:49,406 INFO  PostProcessorRegistrationDelegate$BeanPostProcessorChecker:350 - [] Bean 'org.springframework.security.access.expression.method.DefaultMethodSecurityExpressionHandler@5bde57ab' of type [org.springframework.security.access.expression.method.DefaultMethodSecurityExpressionHandler] is not eligible for getting processed by all BeanPostProcessors (for example: not eligible for auto-proxying)
2022-05-02 00:24:49,417 INFO  PostProcessorRegistrationDelegate$BeanPostProcessorChecker:350 - [] Bean 'methodSecurityMetadataSource' of type [org.springframework.security.access.method.DelegatingMethodSecurityMetadataSource] is not eligible for getting processed by all BeanPostProcessors (for example: not eligible for auto-proxying)
2022-05-02 00:24:50,362 INFO  TomcatWebServer:108 - [] Tomcat initialized with port(s): 8089 (http)
2022-05-02 00:24:50,397 INFO  DirectJDKLog:173 - [] Starting service [Tomcat]
2022-05-02 00:24:50,399 INFO  DirectJDKLog:173 - [] Starting Servlet engine: [Apache Tomcat/9.0.39]
2022-05-02 00:24:50,841 INFO  DirectJDKLog:173 - [] Initializing Spring embedded WebApplicationContext
2022-05-02 00:24:50,841 INFO  ServletWebServerApplicationContext:289 - [] Root WebApplicationContext: initialization completed in 7281 ms
2022-05-02 00:24:51,331 WARN  JpaBaseConfiguration$JpaWebConfiguration:221 - [] spring.jpa.open-in-view is enabled by default. Therefore, database queries may be performed during view rendering. Explicitly configure spring.jpa.open-in-view to disable this warning
2022-05-02 00:24:51,609 INFO  ExecutorConfigurationSupport:181 - [] Initializing ExecutorService 'applicationTaskExecutor'
2022-05-02 00:24:51,888 INFO  LogHelper:31 - [] HHH000204: Processing PersistenceUnitInfo [name: default]
2022-05-02 00:24:52,042 INFO  Version:44 - [] HHH000412: Hibernate ORM core version 5.4.23.Final
2022-05-02 00:24:53,222 INFO  JavaReflectionManager:56 - [] HCANN000001: Hibernate Commons Annotations {5.1.2.Final}
2022-05-02 00:24:53,604 INFO  HikariDataSource:110 - [] HikariPool-1 - Starting...
2022-05-02 00:24:54,194 INFO  HikariDataSource:123 - [] HikariPool-1 - Start completed.
2022-05-02 00:24:54,235 INFO  Dialect:170 - [] HHH000400: Using dialect: org.hibernate.dialect.PostgreSQLDialect
2022-05-02 00:24:55,211 INFO  EndpointLinksResolver:58 - [] Exposing 2 endpoint(s) beneath base path '/actuator'
2022-05-02 00:24:55,492 INFO  PropertySourcedRequestMappingHandlerMapping:69 - [] Mapped URL path [/v2/api-docs] onto method [springfox.documentation.swagger2.web.Swagger2Controller#getDocumentation(String, HttpServletRequest)]
2022-05-02 00:24:55,975 INFO  DefaultSecurityFilterChain:51 - [] Will secure any request with [org.springframework.security.web.context.request.async.WebAsyncManagerIntegrationFilter@43294e9b, org.springframework.security.web.context.SecurityContextPersistenceFilter@3e2772a9, org.springframework.security.web.header.HeaderWriterFilter@570ed9c, org.springframework.security.web.authentication.logout.LogoutFilter@34bf66af, app.igesa.security.jwt.AuthTokenFilter@738a815c, org.springframework.security.web.savedrequest.RequestCacheAwareFilter@1fa18f87, org.springframework.security.web.servletapi.SecurityContextHolderAwareRequestFilter@573870cb, org.springframework.security.web.authentication.rememberme.RememberMeAuthenticationFilter@3b25709e, org.springframework.security.web.authentication.AnonymousAuthenticationFilter@26d24d7a, org.springframework.security.web.session.SessionManagementFilter@79445efb, org.springframework.security.web.access.ExceptionTranslationFilter@5896b9f5, org.springframework.security.web.access.intercept.FilterSecurityInterceptor@f42336c]
2022-05-02 00:24:59,218 INFO  JtaPlatformInitiator:52 - [] HHH000490: Using JtaPlatform implementation: [org.hibernate.engine.transaction.jta.platform.internal.NoJtaPlatform]
2022-05-02 00:24:59,237 INFO  AbstractEntityManagerFactoryBean:434 - [] Initialized JPA EntityManagerFactory for persistence unit 'default'
2022-05-02 00:25:00,238 INFO  TomcatWebServer:220 - [] Tomcat started on port(s): 8089 (http) with context path ''
2022-05-02 00:25:00,240 INFO  DocumentationPluginsBootstrapper:160 - [] Context refreshed
2022-05-02 00:25:00,282 INFO  DocumentationPluginsBootstrapper:163 - [] Found 1 custom documentation plugin(s)
2022-05-02 00:25:00,488 INFO  ApiListingReferenceScanner:41 - [] Scanning for api listing references
2022-05-02 00:25:01,364 INFO  CachingOperationNameGenerator:40 - [] Generating unique operation named: deleteUsingDELETE_1
2022-05-02 00:25:01,368 INFO  CachingOperationNameGenerator:40 - [] Generating unique operation named: findByIdUsingGET_1
2022-05-02 00:25:01,376 INFO  CachingOperationNameGenerator:40 - [] Generating unique operation named: saveUsingPOST_1
2022-05-02 00:25:01,380 INFO  CachingOperationNameGenerator:40 - [] Generating unique operation named: updateUsingPUT_1
2022-05-02 00:25:01,386 INFO  CachingOperationNameGenerator:40 - [] Generating unique operation named: viewUsingGET_1
2022-05-02 00:25:01,403 INFO  CachingOperationNameGenerator:40 - [] Generating unique operation named: deleteUsingDELETE_2
2022-05-02 00:25:01,406 INFO  CachingOperationNameGenerator:40 - [] Generating unique operation named: findByIdUsingGET_2
2022-05-02 00:25:01,413 INFO  CachingOperationNameGenerator:40 - [] Generating unique operation named: saveUsingPOST_2
2022-05-02 00:25:01,417 INFO  CachingOperationNameGenerator:40 - [] Generating unique operation named: updateUsingPUT_2
2022-05-02 00:25:01,422 INFO  CachingOperationNameGenerator:40 - [] Generating unique operation named: viewUsingGET_2
2022-05-02 00:25:01,448 INFO  CachingOperationNameGenerator:40 - [] Generating unique operation named: deleteUsingDELETE_3
2022-05-02 00:25:01,453 INFO  CachingOperationNameGenerator:40 - [] Generating unique operation named: findByIdUsingGET_3
2022-05-02 00:25:01,481 INFO  CachingOperationNameGenerator:40 - [] Generating unique operation named: saveUsingPOST_3
2022-05-02 00:25:01,487 INFO  CachingOperationNameGenerator:40 - [] Generating unique operation named: updateUsingPUT_3
2022-05-02 00:25:01,518 INFO  CachingOperationNameGenerator:40 - [] Generating unique operation named: viewUsingGET_3
2022-05-02 00:25:01,535 INFO  CachingOperationNameGenerator:40 - [] Generating unique operation named: findByIdUsingGET_4
2022-05-02 00:25:01,559 INFO  CachingOperationNameGenerator:40 - [] Generating unique operation named: deleteUsingDELETE_4
2022-05-02 00:25:01,572 INFO  CachingOperationNameGenerator:40 - [] Generating unique operation named: findByIdUsingGET_5
2022-05-02 00:25:01,586 INFO  CachingOperationNameGenerator:40 - [] Generating unique operation named: saveUsingPOST_4
2022-05-02 00:25:01,592 INFO  CachingOperationNameGenerator:40 - [] Generating unique operation named: updateUsingPUT_4
2022-05-02 00:25:01,606 INFO  CachingOperationNameGenerator:40 - [] Generating unique operation named: viewUsingGET_4
2022-05-02 00:25:01,723 INFO  CachingOperationNameGenerator:40 - [] Generating unique operation named: deleteUsingDELETE_5
2022-05-02 00:25:01,738 INFO  CachingOperationNameGenerator:40 - [] Generating unique operation named: findByIdUsingGET_6
2022-05-02 00:25:01,746 INFO  CachingOperationNameGenerator:40 - [] Generating unique operation named: saveUsingPOST_5
2022-05-02 00:25:01,749 INFO  CachingOperationNameGenerator:40 - [] Generating unique operation named: updateUsingPUT_5
2022-05-02 00:25:01,753 INFO  CachingOperationNameGenerator:40 - [] Generating unique operation named: viewUsingGET_5
2022-05-02 00:25:01,824 INFO  CachingOperationNameGenerator:40 - [] Generating unique operation named: deleteUsingDELETE_6
2022-05-02 00:25:01,827 INFO  CachingOperationNameGenerator:40 - [] Generating unique operation named: findByIdUsingGET_7
2022-05-02 00:25:01,834 INFO  CachingOperationNameGenerator:40 - [] Generating unique operation named: saveUsingPOST_6
2022-05-02 00:25:01,838 INFO  CachingOperationNameGenerator:40 - [] Generating unique operation named: updateUsingPUT_6
2022-05-02 00:25:01,842 INFO  CachingOperationNameGenerator:40 - [] Generating unique operation named: viewUsingGET_6
2022-05-02 00:25:01,924 INFO  CachingOperationNameGenerator:40 - [] Generating unique operation named: deleteUsingDELETE_7
2022-05-02 00:25:01,932 INFO  CachingOperationNameGenerator:40 - [] Generating unique operation named: findByIdUsingGET_8
2022-05-02 00:25:01,948 INFO  CachingOperationNameGenerator:40 - [] Generating unique operation named: saveUsingPOST_7
2022-05-02 00:25:01,956 INFO  CachingOperationNameGenerator:40 - [] Generating unique operation named: updateUsingPUT_7
2022-05-02 00:25:01,961 INFO  CachingOperationNameGenerator:40 - [] Generating unique operation named: viewUsingGET_7
2022-05-02 00:25:01,968 INFO  CachingOperationNameGenerator:40 - [] Generating unique operation named: handleUsingGET_1
2022-05-02 00:25:01,976 INFO  CachingOperationNameGenerator:40 - [] Generating unique operation named: handleUsingGET_2
2022-05-02 00:25:01,984 INFO  CachingOperationNameGenerator:40 - [] Generating unique operation named: deleteUsingDELETE_8
2022-05-02 00:25:01,997 INFO  CachingOperationNameGenerator:40 - [] Generating unique operation named: findByIdUsingGET_9
2022-05-02 00:25:02,008 INFO  CachingOperationNameGenerator:40 - [] Generating unique operation named: saveUsingPOST_8
2022-05-02 00:25:02,012 INFO  CachingOperationNameGenerator:40 - [] Generating unique operation named: updateUsingPUT_8
2022-05-02 00:25:02,025 INFO  CachingOperationNameGenerator:40 - [] Generating unique operation named: viewUsingGET_8
2022-05-02 00:25:02,108 INFO  CachingOperationNameGenerator:40 - [] Generating unique operation named: deleteUsingDELETE_9
2022-05-02 00:25:02,115 INFO  CachingOperationNameGenerator:40 - [] Generating unique operation named: findByIdUsingGET_10
2022-05-02 00:25:02,120 INFO  CachingOperationNameGenerator:40 - [] Generating unique operation named: saveUsingPOST_9
2022-05-02 00:25:02,128 INFO  CachingOperationNameGenerator:40 - [] Generating unique operation named: updateUsingPUT_9
2022-05-02 00:25:02,132 INFO  CachingOperationNameGenerator:40 - [] Generating unique operation named: viewUsingGET_9
2022-05-02 00:25:02,143 INFO  CachingOperationNameGenerator:40 - [] Generating unique operation named: deleteUsingDELETE_10
2022-05-02 00:25:02,146 INFO  CachingOperationNameGenerator:40 - [] Generating unique operation named: findByIdUsingGET_11
2022-05-02 00:25:02,157 INFO  CachingOperationNameGenerator:40 - [] Generating unique operation named: saveUsingPOST_10
2022-05-02 00:25:02,162 INFO  CachingOperationNameGenerator:40 - [] Generating unique operation named: updateUsingPUT_10
2022-05-02 00:25:02,169 INFO  CachingOperationNameGenerator:40 - [] Generating unique operation named: viewUsingGET_10
2022-05-02 00:25:02,187 INFO  CachingOperationNameGenerator:40 - [] Generating unique operation named: deleteUsingDELETE_11
2022-05-02 00:25:02,193 INFO  CachingOperationNameGenerator:40 - [] Generating unique operation named: findByIdUsingGET_12
2022-05-02 00:25:02,198 INFO  CachingOperationNameGenerator:40 - [] Generating unique operation named: saveUsingPOST_11
2022-05-02 00:25:02,201 INFO  CachingOperationNameGenerator:40 - [] Generating unique operation named: updateUsingPUT_11
2022-05-02 00:25:02,203 INFO  CachingOperationNameGenerator:40 - [] Generating unique operation named: viewUsingGET_11
2022-05-02 00:25:02,209 INFO  CachingOperationNameGenerator:40 - [] Generating unique operation named: deleteUsingDELETE_12
2022-05-02 00:25:02,212 INFO  CachingOperationNameGenerator:40 - [] Generating unique operation named: findByIdUsingGET_13
2022-05-02 00:25:02,218 INFO  CachingOperationNameGenerator:40 - [] Generating unique operation named: saveUsingPOST_12
2022-05-02 00:25:02,221 INFO  CachingOperationNameGenerator:40 - [] Generating unique operation named: updateUsingPUT_12
2022-05-02 00:25:02,228 INFO  CachingOperationNameGenerator:40 - [] Generating unique operation named: viewUsingGET_12
2022-05-02 00:25:02,234 INFO  CachingOperationNameGenerator:40 - [] Generating unique operation named: deleteUsingDELETE_13
2022-05-02 00:25:02,240 INFO  CachingOperationNameGenerator:40 - [] Generating unique operation named: findByIdUsingGET_14
2022-05-02 00:25:02,243 INFO  CachingOperationNameGenerator:40 - [] Generating unique operation named: saveUsingPOST_13
2022-05-02 00:25:02,246 INFO  CachingOperationNameGenerator:40 - [] Generating unique operation named: updateUsingPUT_13
2022-05-02 00:25:02,249 INFO  CachingOperationNameGenerator:40 - [] Generating unique operation named: viewUsingGET_13
2022-05-02 00:25:02,253 INFO  CachingOperationNameGenerator:40 - [] Generating unique operation named: deleteUsingDELETE_14
2022-05-02 00:25:02,270 INFO  CachingOperationNameGenerator:40 - [] Generating unique operation named: findByIdUsingGET_15
2022-05-02 00:25:02,280 INFO  CachingOperationNameGenerator:40 - [] Generating unique operation named: saveUsingPOST_14
2022-05-02 00:25:02,288 INFO  CachingOperationNameGenerator:40 - [] Generating unique operation named: updateUsingPUT_14
2022-05-02 00:25:02,297 INFO  CachingOperationNameGenerator:40 - [] Generating unique operation named: viewUsingGET_14
2022-05-02 00:25:02,350 INFO  DeferredRepositoryInitializationListener:51 - [] Triggering deferred initialization of Spring Data repositories…
2022-05-02 00:25:04,979 INFO  DeferredRepositoryInitializationListener:55 - [] Spring Data repositories initialized!
2022-05-02 00:25:05,026 INFO  StartupInfoLogger:61 - [] Started MultiwebsitesApplication in 23.909 seconds (JVM running for 27.812)
2022-05-02 00:25:06,284 INFO  DirectJDKLog:173 - [] Initializing Spring DispatcherServlet 'dispatcherServlet'
2022-05-02 00:25:06,285 INFO  FrameworkServlet:525 - [] Initializing Servlet 'dispatcherServlet'
2022-05-02 00:25:06,289 INFO  FrameworkServlet:547 - [] Completed initialization in 4 ms
